<?xml version="1.0" encoding="UTF-8"?>
<!-- Generated by org.testng.reporters.JUnitReportReporter -->
<testsuite hostname="LAPTOP-REMP9JTB" failures="0" tests="1" name="testcase.AddSingleProductToCart" time="14.555" errors="0" timestamp="2023-08-07T22:09:28 ICT" skipped="0">
  <testcase classname="testcase.AddSingleProductToCart" name="AddToCart" time="14.555"/>
</testsuite> <!-- testcase.AddSingleProductToCart -->
